<?xml version="1.0" encoding="UTF-8"?>
<!-- Generated by org.testng.reporters.JUnitReportReporter -->
<testsuite hostname="DESKTOP-U8A0AGU" name="bdd.runners.RunnerClass" tests="1" failures="0" timestamp="23 Jul 2020 20:17:48 GMT" time="21.866" errors="0">
  <testcase name="feature" time="21.866" classname="bdd.runners.RunnerClass"/>
</testsuite> <!-- bdd.runners.RunnerClass -->
