<?xml version="1.0" encoding="UTF-8"?>
<!-- Generated by org.testng.reporters.JUnitReportReporter -->
<testsuite hostname="DESKTOP-U8A0AGU" name="bdd.runners.RunnerClass" tests="1" failures="0" timestamp="29 Jul 2020 19:47:58 GMT" time="15.021" errors="0">
  <testcase name="feature" time="15.021" classname="bdd.runners.RunnerClass"/>
</testsuite> <!-- bdd.runners.RunnerClass -->
