<?xml version="1.0" encoding="UTF-8"?>
<!-- Generated by org.testng.reporters.JUnitReportReporter -->
<testsuite hostname="DESKTOP-U8A0AGU" name="bdd.runners.RunnerClass" tests="1" failures="0" timestamp="28 Jul 2020 17:45:33 GMT" time="14.070" errors="0">
  <testcase name="feature" time="14.070" classname="bdd.runners.RunnerClass"/>
</testsuite> <!-- bdd.runners.RunnerClass -->
